  [1m[35m (94.9ms)[0m  [1m[35mCREATE TABLE "schema_migrations" ("version" varchar NOT NULL PRIMARY KEY)[0m
  [1m[35m (72.0ms)[0m  [1m[35mCREATE TABLE "ar_internal_metadata" ("key" varchar NOT NULL PRIMARY KEY, "value" varchar, "created_at" datetime NOT NULL, "updated_at" datetime NOT NULL)[0m
  [1m[36mActiveRecord::SchemaMigration Load (0.5ms)[0m  [1m[34mSELECT "schema_migrations".* FROM "schema_migrations"[0m
Migrating to CreateAnimes (20170317081629)
  [1m[35m (0.0ms)[0m  [1m[36mbegin transaction[0m
  [1m[35m (2.0ms)[0m  [1m[35mCREATE TABLE "animes" ("id" INTEGER PRIMARY KEY AUTOINCREMENT NOT NULL, "name" varchar, "details" text, "created_at" datetime NOT NULL, "updated_at" datetime NOT NULL)[0m
  [1m[35mSQL (0.0ms)[0m  [1m[32mINSERT INTO "schema_migrations" ("version") VALUES (?)[0m  [["version", "20170317081629"]]
  [1m[35m (81.4ms)[0m  [1m[36mcommit transaction[0m
Migrating to CreateMovies (20170317081711)
  [1m[35m (0.0ms)[0m  [1m[36mbegin transaction[0m
  [1m[35m (1.6ms)[0m  [1m[35mCREATE TABLE "movies" ("id" INTEGER PRIMARY KEY AUTOINCREMENT NOT NULL, "name" varchar, "details" text, "created_at" datetime NOT NULL, "updated_at" datetime NOT NULL)[0m
  [1m[35mSQL (0.5ms)[0m  [1m[32mINSERT INTO "schema_migrations" ("version") VALUES (?)[0m  [["version", "20170317081711"]]
  [1m[35m (88.4ms)[0m  [1m[36mcommit transaction[0m
Migrating to CreateTelevisionShows (20170317081722)
  [1m[35m (0.0ms)[0m  [1m[36mbegin transaction[0m
  [1m[35m (4.5ms)[0m  [1m[35mCREATE TABLE "television_shows" ("id" INTEGER PRIMARY KEY AUTOINCREMENT NOT NULL, "name" varchar, "details" text, "created_at" datetime NOT NULL, "updated_at" datetime NOT NULL)[0m
  [1m[35mSQL (0.5ms)[0m  [1m[32mINSERT INTO "schema_migrations" ("version") VALUES (?)[0m  [["version", "20170317081722"]]
  [1m[35m (83.7ms)[0m  [1m[36mcommit transaction[0m
  [1m[36mActiveRecord::InternalMetadata Load (0.5ms)[0m  [1m[34mSELECT  "ar_internal_metadata".* FROM "ar_internal_metadata" WHERE "ar_internal_metadata"."key" = ? LIMIT ?[0m  [["key", :environment], ["LIMIT", 1]]
  [1m[35m (0.5ms)[0m  [1m[36mbegin transaction[0m
  [1m[35mSQL (1.9ms)[0m  [1m[32mINSERT INTO "ar_internal_metadata" ("key", "value", "created_at", "updated_at") VALUES (?, ?, ?, ?)[0m  [["key", "environment"], ["value", "development"], ["created_at", 2017-03-17 08:17:38 UTC], ["updated_at", 2017-03-17 08:17:38 UTC]]
  [1m[35m (73.5ms)[0m  [1m[36mcommit transaction[0m
  [1m[36mActiveRecord::SchemaMigration Load (0.0ms)[0m  [1m[34mSELECT "schema_migrations".* FROM "schema_migrations"[0m
Started GET "/favourites" for ::1 at 2017-03-17 16:18:40 +0800
  [1m[36mActiveRecord::SchemaMigration Load (0.0ms)[0m  [1m[34mSELECT "schema_migrations".* FROM "schema_migrations"[0m
  
ActionController::RoutingError (No route matches [GET] "/favourites"):
  
actionpack (5.0.2) lib/action_dispatch/middleware/debug_exceptions.rb:53:in `call'
web-console (3.4.0) lib/web_console/middleware.rb:135:in `call_app'
web-console (3.4.0) lib/web_console/middleware.rb:28:in `block in call'
web-console (3.4.0) lib/web_console/middleware.rb:18:in `catch'
web-console (3.4.0) lib/web_console/middleware.rb:18:in `call'
actionpack (5.0.2) lib/action_dispatch/middleware/show_exceptions.rb:31:in `call'
railties (5.0.2) lib/rails/rack/logger.rb:36:in `call_app'
railties (5.0.2) lib/rails/rack/logger.rb:24:in `block in call'
activesupport (5.0.2) lib/active_support/tagged_logging.rb:69:in `block in tagged'
activesupport (5.0.2) lib/active_support/tagged_logging.rb:26:in `tagged'
activesupport (5.0.2) lib/active_support/tagged_logging.rb:69:in `tagged'
railties (5.0.2) lib/rails/rack/logger.rb:24:in `call'
sprockets-rails (3.2.0) lib/sprockets/rails/quiet_assets.rb:13:in `call'
actionpack (5.0.2) lib/action_dispatch/middleware/request_id.rb:24:in `call'
rack (2.0.1) lib/rack/method_override.rb:22:in `call'
rack (2.0.1) lib/rack/runtime.rb:22:in `call'
activesupport (5.0.2) lib/active_support/cache/strategy/local_cache_middleware.rb:28:in `call'
actionpack (5.0.2) lib/action_dispatch/middleware/executor.rb:12:in `call'
actionpack (5.0.2) lib/action_dispatch/middleware/static.rb:136:in `call'
rack (2.0.1) lib/rack/sendfile.rb:111:in `call'
railties (5.0.2) lib/rails/engine.rb:522:in `call'
puma (3.8.2) lib/puma/configuration.rb:224:in `call'
puma (3.8.2) lib/puma/server.rb:600:in `handle_request'
puma (3.8.2) lib/puma/server.rb:435:in `process_client'
puma (3.8.2) lib/puma/server.rb:299:in `block in run'
puma (3.8.2) lib/puma/thread_pool.rb:120:in `block in spawn_thread'
  Rendering D:/Ruby23/lib/ruby/gems/2.3.0/gems/actionpack-5.0.2/lib/action_dispatch/middleware/templates/rescues/routing_error.html.erb within rescues/layout
  Rendering D:/Ruby23/lib/ruby/gems/2.3.0/gems/actionpack-5.0.2/lib/action_dispatch/middleware/templates/rescues/_trace.html.erb
  Rendered D:/Ruby23/lib/ruby/gems/2.3.0/gems/actionpack-5.0.2/lib/action_dispatch/middleware/templates/rescues/_trace.html.erb (1.0ms)
  Rendered collection of D:/Ruby23/lib/ruby/gems/2.3.0/gems/actionpack-5.0.2/lib/action_dispatch/middleware/templates/routes/_route.html.erb [24 times] (5.1ms)
  Rendered D:/Ruby23/lib/ruby/gems/2.3.0/gems/actionpack-5.0.2/lib/action_dispatch/middleware/templates/routes/_table.html.erb (8.5ms)
  Rendering D:/Ruby23/lib/ruby/gems/2.3.0/gems/actionpack-5.0.2/lib/action_dispatch/middleware/templates/rescues/_request_and_response.html.erb
  Rendered D:/Ruby23/lib/ruby/gems/2.3.0/gems/actionpack-5.0.2/lib/action_dispatch/middleware/templates/rescues/_request_and_response.html.erb (13.6ms)
  Rendered D:/Ruby23/lib/ruby/gems/2.3.0/gems/actionpack-5.0.2/lib/action_dispatch/middleware/templates/rescues/routing_error.html.erb within rescues/layout (1194.0ms)
Started GET "/" for ::1 at 2017-03-17 16:18:44 +0800
Processing by Rails::WelcomeController#index as HTML
  Parameters: {"internal"=>true}
  Rendering D:/Ruby23/lib/ruby/gems/2.3.0/gems/railties-5.0.2/lib/rails/templates/rails/welcome/index.html.erb
  Rendered D:/Ruby23/lib/ruby/gems/2.3.0/gems/railties-5.0.2/lib/rails/templates/rails/welcome/index.html.erb (4.5ms)
Completed 200 OK in 71ms (Views: 36.5ms | ActiveRecord: 0.0ms)


Started GET "/animes" for ::1 at 2017-03-17 16:19:49 +0800
Processing by AnimesController#index as HTML
  Rendering animes/index.html.erb within layouts/application
  [1m[36mAnime Load (0.5ms)[0m  [1m[34mSELECT "animes".* FROM "animes"[0m
  Rendered animes/index.html.erb within layouts/application (5.5ms)
Completed 200 OK in 1318ms (Views: 1288.0ms | ActiveRecord: 1.5ms)


Started GET "/animes/new" for ::1 at 2017-03-17 16:20:48 +0800
Started GET "/animes/new" for ::1 at 2017-03-17 16:20:48 +0800
Processing by AnimesController#new as HTML
Processing by AnimesController#new as HTML
  Rendering animes/new.html.erb within layouts/application
  Rendering animes/new.html.erb within layouts/application
  Rendered animes/_form.html.erb (19.6ms)
  Rendered animes/new.html.erb within layouts/application (57.9ms)
  Rendered animes/_form.html.erb (18.6ms)
  Rendered animes/new.html.erb within layouts/application (42.1ms)
Completed 200 OK in 329ms (Views: 287.4ms | ActiveRecord: 0.5ms)


Completed 500 Internal Server Error in 308ms (ActiveRecord: 0.0ms)


  
ActionView::Template::Error (can't add a new key into hash during iteration):
     5:     <%= csrf_meta_tags %>
     6: 
     7:     <%= stylesheet_link_tag    'application', media: 'all', 'data-turbolinks-track': 'reload' %>
     8:     <%= javascript_include_tag 'application', 'data-turbolinks-track': 'reload' %>
     9:   </head>
    10: 
    11:   <body>
  
app/views/layouts/application.html.erb:8:in `_app_views_layouts_application_html_erb__362017316_80214960'
  Rendering D:/Ruby23/lib/ruby/gems/2.3.0/gems/actionpack-5.0.2/lib/action_dispatch/middleware/templates/rescues/template_error.html.erb within rescues/layout
  Rendering D:/Ruby23/lib/ruby/gems/2.3.0/gems/actionpack-5.0.2/lib/action_dispatch/middleware/templates/rescues/_source.html.erb
  Rendered D:/Ruby23/lib/ruby/gems/2.3.0/gems/actionpack-5.0.2/lib/action_dispatch/middleware/templates/rescues/_source.html.erb (6.5ms)
  Rendering D:/Ruby23/lib/ruby/gems/2.3.0/gems/actionpack-5.0.2/lib/action_dispatch/middleware/templates/rescues/_trace.html.erb
  Rendered D:/Ruby23/lib/ruby/gems/2.3.0/gems/actionpack-5.0.2/lib/action_dispatch/middleware/templates/rescues/_trace.html.erb (2.5ms)
  Rendering D:/Ruby23/lib/ruby/gems/2.3.0/gems/actionpack-5.0.2/lib/action_dispatch/middleware/templates/rescues/_request_and_response.html.erb
  Rendered D:/Ruby23/lib/ruby/gems/2.3.0/gems/actionpack-5.0.2/lib/action_dispatch/middleware/templates/rescues/_request_and_response.html.erb (1.0ms)
  Rendered D:/Ruby23/lib/ruby/gems/2.3.0/gems/actionpack-5.0.2/lib/action_dispatch/middleware/templates/rescues/template_error.html.erb within rescues/layout (43467.9ms)
Started POST "/animes" for ::1 at 2017-03-17 16:21:33 +0800
Processing by AnimesController#create as HTML
  Parameters: {"utf8"=>"✓", "authenticity_token"=>"n7h7g5ilKKrQ8VTT/WAzbLTlhQltqm1gJ7Py0d2iXjJbX9TOCRkXf76bBc2TeBuFGI5k1yUoPjZiA6FoGwUXHQ==", "anime"=>{"name"=>"Anime1", "details"=>"a good one"}, "commit"=>"Create Anime"}
  [1m[35m (0.0ms)[0m  [1m[36mbegin transaction[0m
  [1m[35mSQL (2.0ms)[0m  [1m[32mINSERT INTO "animes" ("name", "details", "created_at", "updated_at") VALUES (?, ?, ?, ?)[0m  [["name", "Anime1"], ["details", "a good one"], ["created_at", 2017-03-17 08:21:34 UTC], ["updated_at", 2017-03-17 08:21:34 UTC]]
  [1m[35m (413.1ms)[0m  [1m[36mcommit transaction[0m
Redirected to http://localhost:3000/animes/1
Completed 302 Found in 479ms (ActiveRecord: 415.1ms)


Started GET "/animes/1" for ::1 at 2017-03-17 16:21:34 +0800
Processing by AnimesController#show as HTML
  Parameters: {"id"=>"1"}
  [1m[36mAnime Load (0.5ms)[0m  [1m[34mSELECT  "animes".* FROM "animes" WHERE "animes"."id" = ? LIMIT ?[0m  [["id", 1], ["LIMIT", 1]]
  Rendering animes/show.html.erb within layouts/application
  Rendered animes/show.html.erb within layouts/application (1.5ms)
Completed 200 OK in 716ms (Views: 135.1ms | ActiveRecord: 0.5ms)


Started GET "/animes" for ::1 at 2017-03-17 16:21:42 +0800
Processing by AnimesController#index as HTML
  Rendering animes/index.html.erb within layouts/application
  [1m[36mAnime Load (1.0ms)[0m  [1m[34mSELECT "animes".* FROM "animes"[0m
  Rendered animes/index.html.erb within layouts/application (4.5ms)
Completed 200 OK in 135ms (Views: 115.5ms | ActiveRecord: 1.0ms)


Started GET "/animes" for ::1 at 2017-03-17 16:23:56 +0800
Started GET "/favourites" for ::1 at 2017-03-17 16:23:56 +0800
  [1m[36mActiveRecord::SchemaMigration Load (0.0ms)[0m  [1m[34mSELECT "schema_migrations".* FROM "schema_migrations"[0m
  [1m[36mActiveRecord::SchemaMigration Load (0.0ms)[0m  [1m[34mSELECT "schema_migrations".* FROM "schema_migrations"[0m
  
  
ActiveRecord::PendingMigrationError (

Migrations are pending. To resolve this issue, run:

        bin/rails db:migrate RAILS_ENV=development

):
ActiveRecord::PendingMigrationError (

Migrations are pending. To resolve this issue, run:

        bin/rails db:migrate RAILS_ENV=development

):
  
  
activerecord (5.0.2) lib/active_record/migration.rb:573:in `check_pending!'
activerecord (5.0.2) lib/active_record/migration.rb:549:in `call'
actionpack (5.0.2) lib/action_dispatch/middleware/callbacks.rb:38:in `block in call'
activesupport (5.0.2) lib/active_support/callbacks.rb:97:in `__run_callbacks__'
activesupport (5.0.2) lib/active_support/callbacks.rb:750:in `_run_call_callbacks'
activesupport (5.0.2) lib/active_support/callbacks.rb:90:in `run_callbacks'
actionpack (5.0.2) lib/action_dispatch/middleware/callbacks.rb:36:in `call'
actionpack (5.0.2) lib/action_dispatch/middleware/executor.rb:12:in `call'
actionpack (5.0.2) lib/action_dispatch/middleware/remote_ip.rb:79:in `call'
actionpack (5.0.2) lib/action_dispatch/middleware/debug_exceptions.rb:49:in `call'
web-console (3.4.0) lib/web_console/middleware.rb:135:in `call_app'
web-console (3.4.0) lib/web_console/middleware.rb:28:in `block in call'
web-console (3.4.0) lib/web_console/middleware.rb:18:in `catch'
web-console (3.4.0) lib/web_console/middleware.rb:18:in `call'
actionpack (5.0.2) lib/action_dispatch/middleware/show_exceptions.rb:31:in `call'
railties (5.0.2) lib/rails/rack/logger.rb:36:in `call_app'
railties (5.0.2) lib/rails/rack/logger.rb:24:in `block in call'
activesupport (5.0.2) lib/active_support/tagged_logging.rb:69:in `block in tagged'
activesupport (5.0.2) lib/active_support/tagged_logging.rb:26:in `tagged'
activesupport (5.0.2) lib/active_support/tagged_logging.rb:69:in `tagged'
railties (5.0.2) lib/rails/rack/logger.rb:24:in `call'
sprockets-rails (3.2.0) lib/sprockets/rails/quiet_assets.rb:13:in `call'
actionpack (5.0.2) lib/action_dispatch/middleware/request_id.rb:24:in `call'
rack (2.0.1) lib/rack/method_override.rb:22:in `call'
rack (2.0.1) lib/rack/runtime.rb:22:in `call'
activesupport (5.0.2) lib/active_support/cache/strategy/local_cache_middleware.rb:28:in `call'
actionpack (5.0.2) lib/action_dispatch/middleware/executor.rb:12:in `call'
actionpack (5.0.2) lib/action_dispatch/middleware/static.rb:136:in `call'
rack (2.0.1) lib/rack/sendfile.rb:111:in `call'
railties (5.0.2) lib/rails/engine.rb:522:in `call'
puma (3.8.2) lib/puma/configuration.rb:224:in `call'
puma (3.8.2) lib/puma/server.rb:600:in `handle_request'
puma (3.8.2) lib/puma/server.rb:435:in `process_client'
puma (3.8.2) lib/puma/server.rb:299:in `block in run'
puma (3.8.2) lib/puma/thread_pool.rb:120:in `block in spawn_thread'
activerecord (5.0.2) lib/active_record/migration.rb:573:in `check_pending!'
activerecord (5.0.2) lib/active_record/migration.rb:549:in `call'
actionpack (5.0.2) lib/action_dispatch/middleware/callbacks.rb:38:in `block in call'
activesupport (5.0.2) lib/active_support/callbacks.rb:97:in `__run_callbacks__'
activesupport (5.0.2) lib/active_support/callbacks.rb:750:in `_run_call_callbacks'
activesupport (5.0.2) lib/active_support/callbacks.rb:90:in `run_callbacks'
actionpack (5.0.2) lib/action_dispatch/middleware/callbacks.rb:36:in `call'
actionpack (5.0.2) lib/action_dispatch/middleware/executor.rb:12:in `call'
actionpack (5.0.2) lib/action_dispatch/middleware/remote_ip.rb:79:in `call'
actionpack (5.0.2) lib/action_dispatch/middleware/debug_exceptions.rb:49:in `call'
web-console (3.4.0) lib/web_console/middleware.rb:135:in `call_app'
web-console (3.4.0) lib/web_console/middleware.rb:28:in `block in call'
web-console (3.4.0) lib/web_console/middleware.rb:18:in `catch'
web-console (3.4.0) lib/web_console/middleware.rb:18:in `call'
actionpack (5.0.2) lib/action_dispatch/middleware/show_exceptions.rb:31:in `call'
railties (5.0.2) lib/rails/rack/logger.rb:36:in `call_app'
railties (5.0.2) lib/rails/rack/logger.rb:24:in `block in call'
activesupport (5.0.2) lib/active_support/tagged_logging.rb:69:in `block in tagged'
activesupport (5.0.2) lib/active_support/tagged_logging.rb:26:in `tagged'
activesupport (5.0.2) lib/active_support/tagged_logging.rb:69:in `tagged'
railties (5.0.2) lib/rails/rack/logger.rb:24:in `call'
sprockets-rails (3.2.0) lib/sprockets/rails/quiet_assets.rb:13:in `call'
actionpack (5.0.2) lib/action_dispatch/middleware/request_id.rb:24:in `call'
rack (2.0.1) lib/rack/method_override.rb:22:in `call'
rack (2.0.1) lib/rack/runtime.rb:22:in `call'
activesupport (5.0.2) lib/active_support/cache/strategy/local_cache_middleware.rb:28:in `call'
actionpack (5.0.2) lib/action_dispatch/middleware/executor.rb:12:in `call'
actionpack (5.0.2) lib/action_dispatch/middleware/static.rb:136:in `call'
rack (2.0.1) lib/rack/sendfile.rb:111:in `call'
railties (5.0.2) lib/rails/engine.rb:522:in `call'
puma (3.8.2) lib/puma/configuration.rb:224:in `call'
puma (3.8.2) lib/puma/server.rb:600:in `handle_request'
puma (3.8.2) lib/puma/server.rb:435:in `process_client'
puma (3.8.2) lib/puma/server.rb:299:in `block in run'
puma (3.8.2) lib/puma/thread_pool.rb:120:in `block in spawn_thread'
  Rendering D:/Ruby23/lib/ruby/gems/2.3.0/gems/actionpack-5.0.2/lib/action_dispatch/middleware/templates/rescues/diagnostics.html.erb within rescues/layout
  Rendering D:/Ruby23/lib/ruby/gems/2.3.0/gems/actionpack-5.0.2/lib/action_dispatch/middleware/templates/rescues/diagnostics.html.erb within rescues/layout
  Rendering D:/Ruby23/lib/ruby/gems/2.3.0/gems/actionpack-5.0.2/lib/action_dispatch/middleware/templates/rescues/_source.html.erb
  Rendered D:/Ruby23/lib/ruby/gems/2.3.0/gems/actionpack-5.0.2/lib/action_dispatch/middleware/templates/rescues/_source.html.erb (2.5ms)
  Rendering D:/Ruby23/lib/ruby/gems/2.3.0/gems/actionpack-5.0.2/lib/action_dispatch/middleware/templates/rescues/_source.html.erb
  Rendered D:/Ruby23/lib/ruby/gems/2.3.0/gems/actionpack-5.0.2/lib/action_dispatch/middleware/templates/rescues/_source.html.erb (2.0ms)
  Rendering D:/Ruby23/lib/ruby/gems/2.3.0/gems/actionpack-5.0.2/lib/action_dispatch/middleware/templates/rescues/_trace.html.erb
  Rendered D:/Ruby23/lib/ruby/gems/2.3.0/gems/actionpack-5.0.2/lib/action_dispatch/middleware/templates/rescues/_trace.html.erb (2.5ms)
  Rendering D:/Ruby23/lib/ruby/gems/2.3.0/gems/actionpack-5.0.2/lib/action_dispatch/middleware/templates/rescues/_trace.html.erb
  Rendered D:/Ruby23/lib/ruby/gems/2.3.0/gems/actionpack-5.0.2/lib/action_dispatch/middleware/templates/rescues/_trace.html.erb (1.0ms)
  Rendering D:/Ruby23/lib/ruby/gems/2.3.0/gems/actionpack-5.0.2/lib/action_dispatch/middleware/templates/rescues/_request_and_response.html.erb
  Rendered D:/Ruby23/lib/ruby/gems/2.3.0/gems/actionpack-5.0.2/lib/action_dispatch/middleware/templates/rescues/_request_and_response.html.erb (1.0ms)
  Rendering D:/Ruby23/lib/ruby/gems/2.3.0/gems/actionpack-5.0.2/lib/action_dispatch/middleware/templates/rescues/_request_and_response.html.erb
  Rendered D:/Ruby23/lib/ruby/gems/2.3.0/gems/actionpack-5.0.2/lib/action_dispatch/middleware/templates/rescues/diagnostics.html.erb within rescues/layout (1797.7ms)
  Rendered D:/Ruby23/lib/ruby/gems/2.3.0/gems/actionpack-5.0.2/lib/action_dispatch/middleware/templates/rescues/_request_and_response.html.erb (1.0ms)
  Rendered D:/Ruby23/lib/ruby/gems/2.3.0/gems/actionpack-5.0.2/lib/action_dispatch/middleware/templates/rescues/diagnostics.html.erb within rescues/layout (1742.7ms)
  [1m[36mActiveRecord::SchemaMigration Load (0.5ms)[0m  [1m[34mSELECT "schema_migrations".* FROM "schema_migrations"[0m
Migrating to CreateFavourites (20170317082313)
  [1m[35m (0.0ms)[0m  [1m[36mbegin transaction[0m
  [1m[35m (1.0ms)[0m  [1m[35mCREATE TABLE "favourites" ("id" INTEGER PRIMARY KEY AUTOINCREMENT NOT NULL, "anime" text, "movie" text, "television_show" text, "created_at" datetime NOT NULL, "updated_at" datetime NOT NULL)[0m
  [1m[35mSQL (0.0ms)[0m  [1m[32mINSERT INTO "schema_migrations" ("version") VALUES (?)[0m  [["version", "20170317082313"]]
  [1m[35m (62.4ms)[0m  [1m[36mcommit transaction[0m
  [1m[36mActiveRecord::InternalMetadata Load (0.5ms)[0m  [1m[34mSELECT  "ar_internal_metadata".* FROM "ar_internal_metadata" WHERE "ar_internal_metadata"."key" = ? LIMIT ?[0m  [["key", :environment], ["LIMIT", 1]]
  [1m[35m (0.0ms)[0m  [1m[36mbegin transaction[0m
  [1m[35m (0.5ms)[0m  [1m[36mcommit transaction[0m
  [1m[36mActiveRecord::SchemaMigration Load (0.5ms)[0m  [1m[34mSELECT "schema_migrations".* FROM "schema_migrations"[0m
Started GET "/favourites" for ::1 at 2017-03-17 16:25:59 +0800
  [1m[36mActiveRecord::SchemaMigration Load (0.0ms)[0m  [1m[34mSELECT "schema_migrations".* FROM "schema_migrations"[0m
Processing by FavouritesController#index as HTML
  Rendering favourites/index.html.erb within layouts/application
  [1m[36mFavourite Load (0.5ms)[0m  [1m[34mSELECT "favourites".* FROM "favourites"[0m
  Rendered favourites/index.html.erb within layouts/application (3.9ms)
Completed 200 OK in 257ms (Views: 235.1ms | ActiveRecord: 1.0ms)


Started GET "/" for ::1 at 2017-03-17 16:27:05 +0800
Processing by FavouritesController#index as HTML
  Rendering favourites/index.html.erb within layouts/application
  [1m[36mFavourite Load (0.0ms)[0m  [1m[34mSELECT "favourites".* FROM "favourites"[0m
  Rendered favourites/index.html.erb within layouts/application (4.0ms)
Completed 200 OK in 141ms (Views: 119.5ms | ActiveRecord: 0.0ms)


Started GET "/" for ::1 at 2017-03-17 16:28:57 +0800
Processing by FavouritesController#index as HTML
  Rendering favourites/index.html.erb within layouts/application
  [1m[36mFavourite Load (0.5ms)[0m  [1m[34mSELECT "favourites".* FROM "favourites"[0m
  Rendered favourites/index.html.erb within layouts/application (2.5ms)
Completed 200 OK in 143ms (Views: 117.9ms | ActiveRecord: 0.5ms)


Started GET "/" for ::1 at 2017-03-17 16:29:28 +0800
Processing by FavouritesController#index as HTML
  Rendering favourites/index.html.erb within layouts/application
  [1m[36mFavourite Load (0.0ms)[0m  [1m[34mSELECT "favourites".* FROM "favourites"[0m
  Rendered favourites/index.html.erb within layouts/application (3.4ms)
Completed 200 OK in 146ms (Views: 121.6ms | ActiveRecord: 0.0ms)


Started GET "/" for ::1 at 2017-03-17 16:30:08 +0800
Processing by FavouritesController#index as HTML
  Rendering favourites/index.html.erb within layouts/application
  [1m[36mFavourite Load (0.5ms)[0m  [1m[34mSELECT "favourites".* FROM "favourites"[0m
  Rendered favourites/index.html.erb within layouts/application (23.1ms)
Completed 500 Internal Server Error in 93ms (ActiveRecord: 0.5ms)


  
ActionView::Template::Error (No route matches {:action=>"show", :controller=>"animes"} missing required keys: [:id]):
    30: 
    31: <%= link_to 'New Favourite', new_favourite_path %>
    32: 
    33: <%= link_to 'Anime', anime_path %>
  
app/views/favourites/index.html.erb:33:in `_app_views_favourites_index_html_erb___384644338_81457080'
  Rendering D:/Ruby23/lib/ruby/gems/2.3.0/gems/actionpack-5.0.2/lib/action_dispatch/middleware/templates/rescues/template_error.html.erb within rescues/layout
  Rendering D:/Ruby23/lib/ruby/gems/2.3.0/gems/actionpack-5.0.2/lib/action_dispatch/middleware/templates/rescues/_source.html.erb
  Rendered D:/Ruby23/lib/ruby/gems/2.3.0/gems/actionpack-5.0.2/lib/action_dispatch/middleware/templates/rescues/_source.html.erb (3.0ms)
  Rendering D:/Ruby23/lib/ruby/gems/2.3.0/gems/actionpack-5.0.2/lib/action_dispatch/middleware/templates/rescues/_trace.html.erb
  Rendered D:/Ruby23/lib/ruby/gems/2.3.0/gems/actionpack-5.0.2/lib/action_dispatch/middleware/templates/rescues/_trace.html.erb (2.0ms)
  Rendering D:/Ruby23/lib/ruby/gems/2.3.0/gems/actionpack-5.0.2/lib/action_dispatch/middleware/templates/rescues/_request_and_response.html.erb
  Rendered D:/Ruby23/lib/ruby/gems/2.3.0/gems/actionpack-5.0.2/lib/action_dispatch/middleware/templates/rescues/_request_and_response.html.erb (0.5ms)
  Rendered D:/Ruby23/lib/ruby/gems/2.3.0/gems/actionpack-5.0.2/lib/action_dispatch/middleware/templates/rescues/template_error.html.erb within rescues/layout (921.6ms)
Started GET "/" for ::1 at 2017-03-17 16:30:51 +0800
Processing by FavouritesController#index as HTML
  Rendering favourites/index.html.erb within layouts/application
  Rendered favourites/index.html.erb within layouts/application (1.5ms)
Completed 500 Internal Server Error in 81ms (ActiveRecord: 0.0ms)


  
SyntaxError (C:/Users/Nancy/Desktop/ruby/s7db/app/views/favourites/index.html.erb:33: syntax error, unexpected tSTRING_BEG, expecting keyword_do or '{' or '('
...=( link_to 'Anime', controller'anime', 'index' );@output_buf...
...                               ^
C:/Users/Nancy/Desktop/ruby/s7db/app/views/favourites/index.html.erb:33: syntax error, unexpected ',', expecting ')'
..._to 'Anime', controller'anime', 'index' );@output_buffer.saf...
...                               ^):
  
app/views/favourites/index.html.erb:33: syntax error, unexpected tSTRING_BEG, expecting keyword_do or '{' or '('
app/views/favourites/index.html.erb:33: syntax error, unexpected ',', expecting ')'
  Rendering D:/Ruby23/lib/ruby/gems/2.3.0/gems/actionpack-5.0.2/lib/action_dispatch/middleware/templates/rescues/diagnostics.html.erb within rescues/layout
  Rendering D:/Ruby23/lib/ruby/gems/2.3.0/gems/actionpack-5.0.2/lib/action_dispatch/middleware/templates/rescues/_source.html.erb
  Rendered D:/Ruby23/lib/ruby/gems/2.3.0/gems/actionpack-5.0.2/lib/action_dispatch/middleware/templates/rescues/_source.html.erb (4.0ms)
  Rendering D:/Ruby23/lib/ruby/gems/2.3.0/gems/actionpack-5.0.2/lib/action_dispatch/middleware/templates/rescues/_trace.html.erb
  Rendered D:/Ruby23/lib/ruby/gems/2.3.0/gems/actionpack-5.0.2/lib/action_dispatch/middleware/templates/rescues/_trace.html.erb (6.0ms)
  Rendering D:/Ruby23/lib/ruby/gems/2.3.0/gems/actionpack-5.0.2/lib/action_dispatch/middleware/templates/rescues/_request_and_response.html.erb
  Rendered D:/Ruby23/lib/ruby/gems/2.3.0/gems/actionpack-5.0.2/lib/action_dispatch/middleware/templates/rescues/_request_and_response.html.erb (1.0ms)
  Rendered D:/Ruby23/lib/ruby/gems/2.3.0/gems/actionpack-5.0.2/lib/action_dispatch/middleware/templates/rescues/diagnostics.html.erb within rescues/layout (930.6ms)
Started GET "/" for ::1 at 2017-03-17 16:31:09 +0800
Processing by FavouritesController#index as HTML
  Rendering favourites/index.html.erb within layouts/application
  [1m[36mFavourite Load (0.5ms)[0m  [1m[34mSELECT "favourites".* FROM "favourites"[0m
  Rendered favourites/index.html.erb within layouts/application (3.0ms)
Completed 200 OK in 139ms (Views: 119.6ms | ActiveRecord: 0.5ms)


Started GET "/animes" for ::1 at 2017-03-17 16:31:17 +0800
Processing by AnimesController#index as HTML
  Rendering animes/index.html.erb within layouts/application
  [1m[36mAnime Load (0.0ms)[0m  [1m[34mSELECT "animes".* FROM "animes"[0m
  Rendered animes/index.html.erb within layouts/application (12.5ms)
Completed 200 OK in 191ms (Views: 161.4ms | ActiveRecord: 3.0ms)


Started GET "/animes" for ::1 at 2017-03-17 16:34:10 +0800
Processing by AnimesController#index as HTML
  Rendering animes/index.html.erb within layouts/application
  [1m[36mAnime Load (0.5ms)[0m  [1m[34mSELECT "animes".* FROM "animes"[0m
  Rendered animes/index.html.erb within layouts/application (6.5ms)
Completed 200 OK in 144ms (Views: 120.2ms | ActiveRecord: 1.5ms)


Started GET "/animes/1/edit" for ::1 at 2017-03-17 16:35:59 +0800
Processing by AnimesController#edit as HTML
  Parameters: {"id"=>"1"}
  [1m[36mAnime Load (0.5ms)[0m  [1m[34mSELECT  "animes".* FROM "animes" WHERE "animes"."id" = ? LIMIT ?[0m  [["id", 1], ["LIMIT", 1]]
  Rendering animes/edit.html.erb within layouts/application
  Rendered animes/_form.html.erb (3.0ms)
  Rendered animes/edit.html.erb within layouts/application (18.6ms)
Completed 200 OK in 156ms (Views: 136.5ms | ActiveRecord: 0.5ms)


Started PATCH "/animes/1" for ::1 at 2017-03-17 16:36:08 +0800
Processing by AnimesController#update as HTML
  Parameters: {"utf8"=>"✓", "authenticity_token"=>"TP1eqSZend6YgzjeMGWaa/ZKXlz2ENXRsYYSXhxOabr8/dK3viSo0b3IvNdjAA8UOnsa9a6zs4hxesSM+Embyw==", "anime"=>{"name"=>"sdf", "details"=>""}, "commit"=>"Update Anime", "id"=>"1"}
  [1m[36mAnime Load (0.5ms)[0m  [1m[34mSELECT  "animes".* FROM "animes" WHERE "animes"."id" = ? LIMIT ?[0m  [["id", 1], ["LIMIT", 1]]
  [1m[35m (0.5ms)[0m  [1m[36mbegin transaction[0m
  [1m[35m (0.0ms)[0m  [1m[31mrollback transaction[0m
Completed 500 Internal Server Error in 11ms (ActiveRecord: 1.0ms)


  
NoMethodError (undefined method `detail' for #<Anime:0xa76a5d0>
Did you mean?  details
               details=
               details?):
  
app/controllers/animes_controller.rb:44:in `block in update'
app/controllers/animes_controller.rb:43:in `update'
  Rendering D:/Ruby23/lib/ruby/gems/2.3.0/gems/actionpack-5.0.2/lib/action_dispatch/middleware/templates/rescues/diagnostics.html.erb within rescues/layout
  Rendering D:/Ruby23/lib/ruby/gems/2.3.0/gems/actionpack-5.0.2/lib/action_dispatch/middleware/templates/rescues/_source.html.erb
  Rendered D:/Ruby23/lib/ruby/gems/2.3.0/gems/actionpack-5.0.2/lib/action_dispatch/middleware/templates/rescues/_source.html.erb (3.6ms)
  Rendering D:/Ruby23/lib/ruby/gems/2.3.0/gems/actionpack-5.0.2/lib/action_dispatch/middleware/templates/rescues/_trace.html.erb
  Rendered D:/Ruby23/lib/ruby/gems/2.3.0/gems/actionpack-5.0.2/lib/action_dispatch/middleware/templates/rescues/_trace.html.erb (1.5ms)
  Rendering D:/Ruby23/lib/ruby/gems/2.3.0/gems/actionpack-5.0.2/lib/action_dispatch/middleware/templates/rescues/_request_and_response.html.erb
  Rendered D:/Ruby23/lib/ruby/gems/2.3.0/gems/actionpack-5.0.2/lib/action_dispatch/middleware/templates/rescues/_request_and_response.html.erb (1.0ms)
  Rendered D:/Ruby23/lib/ruby/gems/2.3.0/gems/actionpack-5.0.2/lib/action_dispatch/middleware/templates/rescues/diagnostics.html.erb within rescues/layout (893.9ms)
Started GET "/animes/1/edit" for ::1 at 2017-03-17 16:36:36 +0800
Processing by AnimesController#edit as HTML
  Parameters: {"id"=>"1"}
  [1m[36mAnime Load (0.5ms)[0m  [1m[34mSELECT  "animes".* FROM "animes" WHERE "animes"."id" = ? LIMIT ?[0m  [["id", 1], ["LIMIT", 1]]
  Rendering animes/edit.html.erb within layouts/application
  Rendered animes/_form.html.erb (2.0ms)
  Rendered animes/edit.html.erb within layouts/application (18.2ms)
Completed 200 OK in 147ms (Views: 129.0ms | ActiveRecord: 0.5ms)


Started GET "/animes" for ::1 at 2017-03-17 16:36:37 +0800
Processing by AnimesController#index as HTML
  Rendering animes/index.html.erb within layouts/application
  [1m[36mAnime Load (0.5ms)[0m  [1m[34mSELECT "animes".* FROM "animes"[0m
  Rendered animes/index.html.erb within layouts/application (2.9ms)
Completed 200 OK in 152ms (Views: 133.8ms | ActiveRecord: 0.5ms)


Started GET "/animes/new" for ::1 at 2017-03-17 16:36:40 +0800
Processing by AnimesController#new as HTML
  Rendering animes/new.html.erb within layouts/application
  Rendered animes/_form.html.erb (2.5ms)
  Rendered animes/new.html.erb within layouts/application (20.8ms)
Completed 200 OK in 184ms (Views: 164.2ms | ActiveRecord: 0.0ms)


Started POST "/animes" for ::1 at 2017-03-17 16:36:41 +0800
Processing by AnimesController#create as HTML
  Parameters: {"utf8"=>"✓", "authenticity_token"=>"9ctDbPDPSJ7Y6EretgP7pde4sOEFU67dDMIYEc3iti8xLOwhYXN3S7aCG8DYG9NMe9NRP03R/YtJckuoC0X/AA==", "anime"=>{"name"=>"", "details"=>""}, "commit"=>"Create Anime"}
  [1m[35m (0.0ms)[0m  [1m[36mbegin transaction[0m
  [1m[35m (0.5ms)[0m  [1m[31mrollback transaction[0m
Completed 500 Internal Server Error in 9ms (ActiveRecord: 0.5ms)


  
NoMethodError (undefined method `detail' for #<Anime:0xa6f0a40>
Did you mean?  details
               details=
               details?):
  
app/controllers/animes_controller.rb:30:in `block in create'
app/controllers/animes_controller.rb:29:in `create'
  Rendering D:/Ruby23/lib/ruby/gems/2.3.0/gems/actionpack-5.0.2/lib/action_dispatch/middleware/templates/rescues/diagnostics.html.erb within rescues/layout
  Rendering D:/Ruby23/lib/ruby/gems/2.3.0/gems/actionpack-5.0.2/lib/action_dispatch/middleware/templates/rescues/_source.html.erb
  Rendered D:/Ruby23/lib/ruby/gems/2.3.0/gems/actionpack-5.0.2/lib/action_dispatch/middleware/templates/rescues/_source.html.erb (4.5ms)
  Rendering D:/Ruby23/lib/ruby/gems/2.3.0/gems/actionpack-5.0.2/lib/action_dispatch/middleware/templates/rescues/_trace.html.erb
  Rendered D:/Ruby23/lib/ruby/gems/2.3.0/gems/actionpack-5.0.2/lib/action_dispatch/middleware/templates/rescues/_trace.html.erb (2.5ms)
  Rendering D:/Ruby23/lib/ruby/gems/2.3.0/gems/actionpack-5.0.2/lib/action_dispatch/middleware/templates/rescues/_request_and_response.html.erb
  Rendered D:/Ruby23/lib/ruby/gems/2.3.0/gems/actionpack-5.0.2/lib/action_dispatch/middleware/templates/rescues/_request_and_response.html.erb (1.0ms)
  Rendered D:/Ruby23/lib/ruby/gems/2.3.0/gems/actionpack-5.0.2/lib/action_dispatch/middleware/templates/rescues/diagnostics.html.erb within rescues/layout (910.5ms)
Started GET "/animes/new" for ::1 at 2017-03-17 16:36:51 +0800
Processing by AnimesController#new as HTML
  Rendering animes/new.html.erb within layouts/application
  Rendered animes/_form.html.erb (1.5ms)
  Rendered animes/new.html.erb within layouts/application (17.9ms)
Completed 200 OK in 139ms (Views: 121.8ms | ActiveRecord: 0.0ms)


Started GET "/animes" for ::1 at 2017-03-17 16:36:52 +0800
Processing by AnimesController#index as HTML
  Rendering animes/index.html.erb within layouts/application
  [1m[36mAnime Load (0.0ms)[0m  [1m[34mSELECT "animes".* FROM "animes"[0m
  Rendered animes/index.html.erb within layouts/application (2.0ms)
Completed 200 OK in 167ms (Views: 144.1ms | ActiveRecord: 0.0ms)


Started GET "/animes/new" for ::1 at 2017-03-17 16:37:56 +0800
Processing by AnimesController#new as HTML
  Rendering animes/new.html.erb within layouts/application
  Rendered animes/_form.html.erb (2.0ms)
  Rendered animes/new.html.erb within layouts/application (20.9ms)
Completed 200 OK in 167ms (Views: 147.5ms | ActiveRecord: 0.0ms)


Started POST "/animes" for ::1 at 2017-03-17 16:37:59 +0800
Processing by AnimesController#create as HTML
  Parameters: {"utf8"=>"✓", "authenticity_token"=>"w2Amf08sMs8qvAQi4XqWIOlmE+7n1J8FOzetnBiHUccHh4ky3pANGkTWVTyPYr7JRQ3yMK9WzFN+h/4l3iAY6A==", "anime"=>{"name"=>"aaaa", "details"=>"aaaaa"}, "commit"=>"Create Anime"}
  [1m[35m (0.5ms)[0m  [1m[36mbegin transaction[0m
  [1m[35m (0.0ms)[0m  [1m[31mrollback transaction[0m
Completed 500 Internal Server Error in 8ms (ActiveRecord: 0.5ms)


  
NoMethodError (undefined method `detail' for #<Anime:0x9bef6c8>
Did you mean?  details
               details=
               details?):
  
app/controllers/animes_controller.rb:30:in `block in create'
app/controllers/animes_controller.rb:29:in `create'
  Rendering D:/Ruby23/lib/ruby/gems/2.3.0/gems/actionpack-5.0.2/lib/action_dispatch/middleware/templates/rescues/diagnostics.html.erb within rescues/layout
  Rendering D:/Ruby23/lib/ruby/gems/2.3.0/gems/actionpack-5.0.2/lib/action_dispatch/middleware/templates/rescues/_source.html.erb
  Rendered D:/Ruby23/lib/ruby/gems/2.3.0/gems/actionpack-5.0.2/lib/action_dispatch/middleware/templates/rescues/_source.html.erb (3.0ms)
  Rendering D:/Ruby23/lib/ruby/gems/2.3.0/gems/actionpack-5.0.2/lib/action_dispatch/middleware/templates/rescues/_trace.html.erb
  Rendered D:/Ruby23/lib/ruby/gems/2.3.0/gems/actionpack-5.0.2/lib/action_dispatch/middleware/templates/rescues/_trace.html.erb (1.5ms)
  Rendering D:/Ruby23/lib/ruby/gems/2.3.0/gems/actionpack-5.0.2/lib/action_dispatch/middleware/templates/rescues/_request_and_response.html.erb
  Rendered D:/Ruby23/lib/ruby/gems/2.3.0/gems/actionpack-5.0.2/lib/action_dispatch/middleware/templates/rescues/_request_and_response.html.erb (0.5ms)
  Rendered D:/Ruby23/lib/ruby/gems/2.3.0/gems/actionpack-5.0.2/lib/action_dispatch/middleware/templates/rescues/diagnostics.html.erb within rescues/layout (879.1ms)
Started POST "/animes" for ::1 at 2017-03-17 16:38:46 +0800
Processing by AnimesController#create as HTML
  Parameters: {"utf8"=>"✓", "authenticity_token"=>"w2Amf08sMs8qvAQi4XqWIOlmE+7n1J8FOzetnBiHUccHh4ky3pANGkTWVTyPYr7JRQ3yMK9WzFN+h/4l3iAY6A==", "anime"=>{"name"=>"aaaa", "details"=>"aaaaa"}, "commit"=>"Create Anime"}
  [1m[35m (0.0ms)[0m  [1m[36mbegin transaction[0m
  [1m[35mSQL (1.1ms)[0m  [1m[32mINSERT INTO "animes" ("name", "details", "created_at", "updated_at") VALUES (?, ?, ?, ?)[0m  [["name", "aaaa"], ["details", "aaaaa"], ["created_at", 2017-03-17 08:38:47 UTC], ["updated_at", 2017-03-17 08:38:47 UTC]]
  [1m[35m (65.7ms)[0m  [1m[36mcommit transaction[0m
Redirected to http://localhost:3000/animes/2
Completed 302 Found in 87ms (ActiveRecord: 67.8ms)


Started GET "/animes/2" for ::1 at 2017-03-17 16:38:47 +0800
Processing by AnimesController#show as HTML
  Parameters: {"id"=>"2"}
  [1m[36mAnime Load (0.5ms)[0m  [1m[34mSELECT  "animes".* FROM "animes" WHERE "animes"."id" = ? LIMIT ?[0m  [["id", 2], ["LIMIT", 1]]
  Rendering animes/show.html.erb within layouts/application
  Rendered animes/show.html.erb within layouts/application (0.5ms)
Completed 200 OK in 128ms (Views: 108.6ms | ActiveRecord: 0.5ms)


Started GET "/animes" for ::1 at 2017-03-17 16:38:49 +0800
Processing by AnimesController#index as HTML
  Rendering animes/index.html.erb within layouts/application
  [1m[36mAnime Load (0.5ms)[0m  [1m[34mSELECT "animes".* FROM "animes"[0m
  Rendered animes/index.html.erb within layouts/application (4.5ms)
Completed 200 OK in 122ms (Views: 106.3ms | ActiveRecord: 0.5ms)


Started GET "/animes/2" for ::1 at 2017-03-17 16:38:51 +0800
Processing by AnimesController#show as HTML
  Parameters: {"id"=>"2"}
  [1m[36mAnime Load (0.5ms)[0m  [1m[34mSELECT  "animes".* FROM "animes" WHERE "animes"."id" = ? LIMIT ?[0m  [["id", 2], ["LIMIT", 1]]
  Rendering animes/show.html.erb within layouts/application
  Rendered animes/show.html.erb within layouts/application (1.5ms)
Completed 200 OK in 153ms (Views: 135.0ms | ActiveRecord: 0.5ms)


Started GET "/animes/2/edit" for ::1 at 2017-03-17 16:38:53 +0800
Processing by AnimesController#edit as HTML
  Parameters: {"id"=>"2"}
  [1m[36mAnime Load (0.5ms)[0m  [1m[34mSELECT  "animes".* FROM "animes" WHERE "animes"."id" = ? LIMIT ?[0m  [["id", 2], ["LIMIT", 1]]
  Rendering animes/edit.html.erb within layouts/application
  Rendered animes/_form.html.erb (2.0ms)
  Rendered animes/edit.html.erb within layouts/application (18.5ms)
Completed 200 OK in 178ms (Views: 157.6ms | ActiveRecord: 0.5ms)


Started PATCH "/animes/2" for ::1 at 2017-03-17 16:39:00 +0800
Processing by AnimesController#update as HTML
  Parameters: {"utf8"=>"✓", "authenticity_token"=>"3UZyRgtQeKVBSk6+VGj2z8aIHvKDzIIfO5S7llpo5vkx9juvJetOCpUvi1gHtpLysc1cBP1UgDxjzublzbIwTQ==", "anime"=>{"name"=>"aaaa", "details"=>""}, "commit"=>"Update Anime", "id"=>"2"}
  [1m[36mAnime Load (0.5ms)[0m  [1m[34mSELECT  "animes".* FROM "animes" WHERE "animes"."id" = ? LIMIT ?[0m  [["id", 2], ["LIMIT", 1]]
  [1m[35m (0.0ms)[0m  [1m[36mbegin transaction[0m
  [1m[35m (0.5ms)[0m  [1m[31mrollback transaction[0m
  Rendering animes/edit.html.erb within layouts/application
  Rendered animes/_form.html.erb (3.5ms)
  Rendered animes/edit.html.erb within layouts/application (18.5ms)
Completed 200 OK in 130ms (Views: 124.0ms | ActiveRecord: 1.0ms)


Started PATCH "/animes/2" for ::1 at 2017-03-17 16:39:09 +0800
Processing by AnimesController#update as HTML
  Parameters: {"utf8"=>"✓", "authenticity_token"=>"rhMWykNdSt5xMJ4ToG4E/yLrBD240ywUhp2E1HF831ZrA9sW+EOL1vPqXuEXEm8aiIvDCtSnwvzx4NxP9cSaNg==", "anime"=>{"name"=>"aaaa", "details"=>"aaaa"}, "commit"=>"Update Anime", "id"=>"2"}
  [1m[36mAnime Load (0.5ms)[0m  [1m[34mSELECT  "animes".* FROM "animes" WHERE "animes"."id" = ? LIMIT ?[0m  [["id", 2], ["LIMIT", 1]]
  [1m[35m (0.0ms)[0m  [1m[36mbegin transaction[0m
  [1m[35mSQL (1.1ms)[0m  [1m[33mUPDATE "animes" SET "details" = ?, "updated_at" = ? WHERE "animes"."id" = ?[0m  [["details", "aaaa"], ["updated_at", 2017-03-17 08:39:09 UTC], ["id", 2]]
  [1m[35m (111.0ms)[0m  [1m[36mcommit transaction[0m
Redirected to http://localhost:3000/animes/2
Completed 302 Found in 121ms (ActiveRecord: 112.6ms)


Started GET "/animes/2" for ::1 at 2017-03-17 16:39:09 +0800
Processing by AnimesController#show as HTML
  Parameters: {"id"=>"2"}
  [1m[36mAnime Load (0.0ms)[0m  [1m[34mSELECT  "animes".* FROM "animes" WHERE "animes"."id" = ? LIMIT ?[0m  [["id", 2], ["LIMIT", 1]]
  Rendering animes/show.html.erb within layouts/application
  Rendered animes/show.html.erb within layouts/application (0.5ms)
Completed 200 OK in 129ms (Views: 108.1ms | ActiveRecord: 0.0ms)


Started GET "/animes" for ::1 at 2017-03-17 16:39:10 +0800
Processing by AnimesController#index as HTML
  Rendering animes/index.html.erb within layouts/application
  [1m[36mAnime Load (0.5ms)[0m  [1m[34mSELECT "animes".* FROM "animes"[0m
  Rendered animes/index.html.erb within layouts/application (2.5ms)
Completed 200 OK in 131ms (Views: 111.3ms | ActiveRecord: 0.5ms)


Started GET "/animes/2/edit" for ::1 at 2017-03-17 16:39:33 +0800
Processing by AnimesController#edit as HTML
  Parameters: {"id"=>"2"}
  [1m[36mAnime Load (0.0ms)[0m  [1m[34mSELECT  "animes".* FROM "animes" WHERE "animes"."id" = ? LIMIT ?[0m  [["id", 2], ["LIMIT", 1]]
  Rendering animes/edit.html.erb within layouts/application
  Rendered animes/_form.html.erb (1.5ms)
  Rendered animes/edit.html.erb within layouts/application (19.6ms)
Completed 200 OK in 151ms (Views: 132.8ms | ActiveRecord: 0.0ms)


Started PATCH "/animes/2" for ::1 at 2017-03-17 16:39:41 +0800
Processing by AnimesController#update as HTML
  Parameters: {"utf8"=>"✓", "authenticity_token"=>"1UJDKPhj81hWyS7K+SSzJejgCuyCNHak8lvP5YEonMk58grB1tjF94Ks6yyq+tcYn6VIGvysdIeqAZKWFvJKfQ==", "anime"=>{"name"=>"a2", "details"=>"good too"}, "commit"=>"Update Anime", "id"=>"2"}
  [1m[36mAnime Load (0.5ms)[0m  [1m[34mSELECT  "animes".* FROM "animes" WHERE "animes"."id" = ? LIMIT ?[0m  [["id", 2], ["LIMIT", 1]]
  [1m[35m (0.5ms)[0m  [1m[36mbegin transaction[0m
  [1m[35mSQL (0.5ms)[0m  [1m[33mUPDATE "animes" SET "name" = ?, "details" = ?, "updated_at" = ? WHERE "animes"."id" = ?[0m  [["name", "a2"], ["details", "good too"], ["updated_at", 2017-03-17 08:39:41 UTC], ["id", 2]]
  [1m[35m (151.1ms)[0m  [1m[36mcommit transaction[0m
Redirected to http://localhost:3000/animes/2
Completed 302 Found in 160ms (ActiveRecord: 152.6ms)


Started GET "/animes/2" for ::1 at 2017-03-17 16:39:41 +0800
Processing by AnimesController#show as HTML
  Parameters: {"id"=>"2"}
  [1m[36mAnime Load (0.0ms)[0m  [1m[34mSELECT  "animes".* FROM "animes" WHERE "animes"."id" = ? LIMIT ?[0m  [["id", 2], ["LIMIT", 1]]
  Rendering animes/show.html.erb within layouts/application
  Rendered animes/show.html.erb within layouts/application (1.0ms)
Completed 200 OK in 119ms (Views: 103.0ms | ActiveRecord: 0.0ms)


Started GET "/animes" for ::1 at 2017-03-17 16:39:43 +0800
Processing by AnimesController#index as HTML
  Rendering animes/index.html.erb within layouts/application
  [1m[36mAnime Load (0.5ms)[0m  [1m[34mSELECT "animes".* FROM "animes"[0m
  Rendered animes/index.html.erb within layouts/application (2.5ms)
Completed 200 OK in 121ms (Views: 103.1ms | ActiveRecord: 0.5ms)


Started GET "/" for ::1 at 2017-03-17 16:44:21 +0800
Processing by FavouritesController#index as HTML
  Rendering favourites/index.html.erb within layouts/application
  [1m[36mFavourite Load (0.5ms)[0m  [1m[34mSELECT "favourites".* FROM "favourites"[0m
  Rendered favourites/index.html.erb within layouts/application (18.5ms)
Completed 500 Internal Server Error in 88ms (ActiveRecord: 1.0ms)


  
ActionView::Template::Error (No route matches {:action=>"index", :controller=>"Anime"}):
    30: 
    31: <%= link_to 'New Favourite', new_favourite_path %>
    32: 
    33: <%= link_to 'Animes', controller: "Anime", action: "index" %>
  
app/views/favourites/index.html.erb:33:in `_app_views_favourites_index_html_erb___384644338_72151692'
  Rendering D:/Ruby23/lib/ruby/gems/2.3.0/gems/actionpack-5.0.2/lib/action_dispatch/middleware/templates/rescues/template_error.html.erb within rescues/layout
  Rendering D:/Ruby23/lib/ruby/gems/2.3.0/gems/actionpack-5.0.2/lib/action_dispatch/middleware/templates/rescues/_source.html.erb
  Rendered D:/Ruby23/lib/ruby/gems/2.3.0/gems/actionpack-5.0.2/lib/action_dispatch/middleware/templates/rescues/_source.html.erb (5.0ms)
  Rendering D:/Ruby23/lib/ruby/gems/2.3.0/gems/actionpack-5.0.2/lib/action_dispatch/middleware/templates/rescues/_trace.html.erb
  Rendered D:/Ruby23/lib/ruby/gems/2.3.0/gems/actionpack-5.0.2/lib/action_dispatch/middleware/templates/rescues/_trace.html.erb (2.5ms)
  Rendering D:/Ruby23/lib/ruby/gems/2.3.0/gems/actionpack-5.0.2/lib/action_dispatch/middleware/templates/rescues/_request_and_response.html.erb
  Rendered D:/Ruby23/lib/ruby/gems/2.3.0/gems/actionpack-5.0.2/lib/action_dispatch/middleware/templates/rescues/_request_and_response.html.erb (0.5ms)
  Rendered D:/Ruby23/lib/ruby/gems/2.3.0/gems/actionpack-5.0.2/lib/action_dispatch/middleware/templates/rescues/template_error.html.erb within rescues/layout (904.5ms)
Started GET "/" for ::1 at 2017-03-17 16:46:35 +0800
Processing by FavouritesController#index as HTML
  Rendering favourites/index.html.erb within layouts/application
  [1m[36mFavourite Load (0.0ms)[0m  [1m[34mSELECT "favourites".* FROM "favourites"[0m
  Rendered favourites/index.html.erb within layouts/application (2.2ms)
Completed 200 OK in 171ms (Views: 150.4ms | ActiveRecord: 0.0ms)


Started GET "/animes" for ::1 at 2017-03-17 16:46:42 +0800
Processing by AnimesController#index as HTML
  Rendering animes/index.html.erb within layouts/application
  [1m[36mAnime Load (0.5ms)[0m  [1m[34mSELECT "animes".* FROM "animes"[0m
  Rendered animes/index.html.erb within layouts/application (5.5ms)
Completed 200 OK in 134ms (Views: 113.7ms | ActiveRecord: 1.5ms)


Started GET "/" for ::1 at 2017-03-17 16:47:20 +0800
Processing by FavouritesController#index as HTML
  Rendering favourites/index.html.erb within layouts/application
  Rendered favourites/index.html.erb within layouts/application (1.0ms)
Completed 200 OK in 144ms (Views: 126.6ms | ActiveRecord: 0.0ms)


Started GET "/" for ::1 at 2017-03-17 16:47:58 +0800
Processing by FavouritesController#index as HTML
  Rendering favourites/index.html.erb within layouts/application
  Rendered favourites/index.html.erb within layouts/application (16.4ms)
Completed 500 Internal Server Error in 79ms (ActiveRecord: 0.0ms)


  
ActionView::Template::Error (No route matches {:action=>"show", :controller=>"television_shows"} missing required keys: [:id]):
     9: </th><br>
    10:       <tr><%= link_to 'Movie', movies_path %>
    11: </th><br>
    12:       <tr>Television_show<%= link_to 'Television_show', television_show_path %>
    13: </th><br>
    14:       <tr colspan="3"> 
    15:      
  
app/views/favourites/index.html.erb:12:in `_app_views_favourites_index_html_erb___384644338_86030772'
  Rendering D:/Ruby23/lib/ruby/gems/2.3.0/gems/actionpack-5.0.2/lib/action_dispatch/middleware/templates/rescues/template_error.html.erb within rescues/layout
  Rendering D:/Ruby23/lib/ruby/gems/2.3.0/gems/actionpack-5.0.2/lib/action_dispatch/middleware/templates/rescues/_source.html.erb
  Rendered D:/Ruby23/lib/ruby/gems/2.3.0/gems/actionpack-5.0.2/lib/action_dispatch/middleware/templates/rescues/_source.html.erb (3.5ms)
  Rendering D:/Ruby23/lib/ruby/gems/2.3.0/gems/actionpack-5.0.2/lib/action_dispatch/middleware/templates/rescues/_trace.html.erb
  Rendered D:/Ruby23/lib/ruby/gems/2.3.0/gems/actionpack-5.0.2/lib/action_dispatch/middleware/templates/rescues/_trace.html.erb (1.5ms)
  Rendering D:/Ruby23/lib/ruby/gems/2.3.0/gems/actionpack-5.0.2/lib/action_dispatch/middleware/templates/rescues/_request_and_response.html.erb
  Rendered D:/Ruby23/lib/ruby/gems/2.3.0/gems/actionpack-5.0.2/lib/action_dispatch/middleware/templates/rescues/_request_and_response.html.erb (0.5ms)
  Rendered D:/Ruby23/lib/ruby/gems/2.3.0/gems/actionpack-5.0.2/lib/action_dispatch/middleware/templates/rescues/template_error.html.erb within rescues/layout (874.6ms)
Started GET "/" for ::1 at 2017-03-17 16:48:15 +0800
Processing by FavouritesController#index as HTML
  Rendering favourites/index.html.erb within layouts/application
  Rendered favourites/index.html.erb within layouts/application (0.5ms)
Completed 200 OK in 139ms (Views: 118.2ms | ActiveRecord: 0.0ms)


Started GET "/" for ::1 at 2017-03-17 16:48:32 +0800
Processing by FavouritesController#index as HTML
  Rendering favourites/index.html.erb within layouts/application
  Rendered favourites/index.html.erb within layouts/application (1.0ms)
Completed 200 OK in 129ms (Views: 112.3ms | ActiveRecord: 0.0ms)


Started GET "/" for ::1 at 2017-03-17 16:48:44 +0800
Processing by FavouritesController#index as HTML
  Rendering favourites/index.html.erb within layouts/application
  Rendered favourites/index.html.erb within layouts/application (0.5ms)
Completed 200 OK in 153ms (Views: 132.2ms | ActiveRecord: 0.0ms)


Started GET "/" for ::1 at 2017-03-17 16:48:54 +0800
Processing by FavouritesController#index as HTML
  Rendering favourites/index.html.erb within layouts/application
  Rendered favourites/index.html.erb within layouts/application (0.5ms)
Completed 200 OK in 121ms (Views: 101.2ms | ActiveRecord: 0.0ms)


Started GET "/animes" for ::1 at 2017-03-17 16:48:57 +0800
Processing by AnimesController#index as HTML
  Rendering animes/index.html.erb within layouts/application
  [1m[36mAnime Load (1.5ms)[0m  [1m[34mSELECT "animes".* FROM "animes"[0m
  Rendered animes/index.html.erb within layouts/application (5.5ms)
Completed 200 OK in 149ms (Views: 129.0ms | ActiveRecord: 1.5ms)


Started GET "/" for ::1 at 2017-03-17 16:50:14 +0800
Processing by FavouritesController#index as HTML
  Rendering favourites/index.html.erb within layouts/application
  Rendered favourites/index.html.erb within layouts/application (0.5ms)
Completed 200 OK in 139ms (Views: 122.2ms | ActiveRecord: 0.0ms)


Started GET "/animes" for ::1 at 2017-03-17 16:50:16 +0800
Processing by AnimesController#index as HTML
  Rendering animes/index.html.erb within layouts/application
  [1m[36mAnime Load (0.0ms)[0m  [1m[34mSELECT "animes".* FROM "animes"[0m
  Rendered animes/index.html.erb within layouts/application (2.5ms)
Completed 200 OK in 180ms (Views: 148.5ms | ActiveRecord: 0.0ms)


Started GET "/favourites" for ::1 at 2017-03-17 16:50:17 +0800
Processing by FavouritesController#index as HTML
  Rendering favourites/index.html.erb within layouts/application
  Rendered favourites/index.html.erb within layouts/application (0.5ms)
Completed 200 OK in 136ms (Views: 119.5ms | ActiveRecord: 0.0ms)


Started GET "/favourites" for ::1 at 2017-03-17 16:50:34 +0800
Processing by FavouritesController#index as HTML
  Rendering favourites/index.html.erb within layouts/application
  Rendered favourites/index.html.erb within layouts/application (1.0ms)
Completed 200 OK in 114ms (Views: 96.7ms | ActiveRecord: 0.0ms)


Started GET "/television_shows" for ::1 at 2017-03-17 16:50:36 +0800
Processing by TelevisionShowsController#index as HTML
  Rendering television_shows/index.html.erb within layouts/application
  [1m[36mTelevisionShow Load (0.0ms)[0m  [1m[34mSELECT "television_shows".* FROM "television_shows"[0m
  Rendered television_shows/index.html.erb within layouts/application (3.5ms)
Completed 200 OK in 247ms (Views: 222.1ms | ActiveRecord: 0.5ms)


Started GET "/favourites" for ::1 at 2017-03-17 16:50:38 +0800
Processing by FavouritesController#index as HTML
  Rendering favourites/index.html.erb within layouts/application
  Rendered favourites/index.html.erb within layouts/application (1.0ms)
Completed 200 OK in 128ms (Views: 110.4ms | ActiveRecord: 0.0ms)


Started GET "/movies" for ::1 at 2017-03-17 16:50:39 +0800
Processing by MoviesController#index as HTML
  Rendering movies/index.html.erb within layouts/application
  [1m[36mMovie Load (0.5ms)[0m  [1m[34mSELECT "movies".* FROM "movies"[0m
  Rendered movies/index.html.erb within layouts/application (3.0ms)
Completed 200 OK in 161ms (Views: 138.7ms | ActiveRecord: 1.0ms)


Started GET "/favourites" for ::1 at 2017-03-17 16:50:40 +0800
Processing by FavouritesController#index as HTML
  Rendering favourites/index.html.erb within layouts/application
  Rendered favourites/index.html.erb within layouts/application (0.5ms)
Completed 200 OK in 139ms (Views: 117.3ms | ActiveRecord: 0.0ms)


Started GET "/television_shows" for ::1 at 2017-03-17 16:50:42 +0800
Processing by TelevisionShowsController#index as HTML
  Rendering television_shows/index.html.erb within layouts/application
  [1m[36mTelevisionShow Load (0.5ms)[0m  [1m[34mSELECT "television_shows".* FROM "television_shows"[0m
  Rendered television_shows/index.html.erb within layouts/application (2.5ms)
Completed 200 OK in 146ms (Views: 125.2ms | ActiveRecord: 0.5ms)


Started GET "/television_shows/new" for ::1 at 2017-03-17 16:50:44 +0800
Processing by TelevisionShowsController#new as HTML
  Rendering television_shows/new.html.erb within layouts/application
  Rendered television_shows/_form.html.erb (2.0ms)
  Rendered television_shows/new.html.erb within layouts/application (18.5ms)
Completed 200 OK in 149ms (Views: 130.8ms | ActiveRecord: 0.5ms)


Started POST "/television_shows" for ::1 at 2017-03-17 16:50:50 +0800
Processing by TelevisionShowsController#create as HTML
  Parameters: {"utf8"=>"✓", "authenticity_token"=>"ZzJOJ5mNzY3o1tmcYWvimNLAd9peOGJTb722KoPtiwb7Zk1pzKjpDl4AxjdL+wp7bd+BDx1ipA01q69A0+Toag==", "television_show"=>{"name"=>"TV1", "details"=>"good one"}, "commit"=>"Create Television show"}
  [1m[35m (0.0ms)[0m  [1m[36mbegin transaction[0m
  [1m[35mSQL (30.2ms)[0m  [1m[32mINSERT INTO "television_shows" ("name", "details", "created_at", "updated_at") VALUES (?, ?, ?, ?)[0m  [["name", "TV1"], ["details", "good one"], ["created_at", 2017-03-17 08:50:50 UTC], ["updated_at", 2017-03-17 08:50:50 UTC]]
  [1m[35m (108.3ms)[0m  [1m[36mcommit transaction[0m
Redirected to http://localhost:3000/television_shows/1
Completed 302 Found in 144ms (ActiveRecord: 138.5ms)


Started GET "/television_shows/1" for ::1 at 2017-03-17 16:50:50 +0800
Processing by TelevisionShowsController#show as HTML
  Parameters: {"id"=>"1"}
  [1m[36mTelevisionShow Load (0.5ms)[0m  [1m[34mSELECT  "television_shows".* FROM "television_shows" WHERE "television_shows"."id" = ? LIMIT ?[0m  [["id", 1], ["LIMIT", 1]]
  Rendering television_shows/show.html.erb within layouts/application
  Rendered television_shows/show.html.erb within layouts/application (1.0ms)
Completed 200 OK in 135ms (Views: 116.0ms | ActiveRecord: 0.5ms)


Started GET "/television_shows" for ::1 at 2017-03-17 16:50:51 +0800
Processing by TelevisionShowsController#index as HTML
  Rendering television_shows/index.html.erb within layouts/application
  [1m[36mTelevisionShow Load (0.5ms)[0m  [1m[34mSELECT "television_shows".* FROM "television_shows"[0m
  Rendered television_shows/index.html.erb within layouts/application (1.5ms)
Completed 200 OK in 138ms (Views: 119.1ms | ActiveRecord: 0.5ms)


Started GET "/favourites" for ::1 at 2017-03-17 16:50:53 +0800
Processing by FavouritesController#index as HTML
  Rendering favourites/index.html.erb within layouts/application
  Rendered favourites/index.html.erb within layouts/application (1.0ms)
Completed 200 OK in 124ms (Views: 106.7ms | ActiveRecord: 0.0ms)


Started GET "/movies" for ::1 at 2017-03-17 16:50:54 +0800
Processing by MoviesController#index as HTML
  Rendering movies/index.html.erb within layouts/application
  [1m[36mMovie Load (0.0ms)[0m  [1m[34mSELECT "movies".* FROM "movies"[0m
  Rendered movies/index.html.erb within layouts/application (2.0ms)
Completed 200 OK in 139ms (Views: 122.1ms | ActiveRecord: 0.0ms)


Started GET "/movies/new" for ::1 at 2017-03-17 16:50:55 +0800
Processing by MoviesController#new as HTML
  Rendering movies/new.html.erb within layouts/application
  Rendered movies/_form.html.erb (2.0ms)
  Rendered movies/new.html.erb within layouts/application (22.8ms)
Completed 200 OK in 163ms (Views: 140.5ms | ActiveRecord: 0.5ms)


Started POST "/movies" for ::1 at 2017-03-17 16:51:06 +0800
Processing by MoviesController#create as HTML
  Parameters: {"utf8"=>"✓", "authenticity_token"=>"KI4Ys0hicI0CiwnPN+CQRMFD2fCz/3crOqi/YlwgZ4J2IhaF+YLYaBrBhOa0wNKqgQwEszBncgrP+LtCsBo8LA==", "movie"=>{"name"=>"movie1", "details"=>"not so good"}, "commit"=>"Create Movie"}
  [1m[35m (0.0ms)[0m  [1m[36mbegin transaction[0m
  [1m[35mSQL (2.0ms)[0m  [1m[32mINSERT INTO "movies" ("name", "details", "created_at", "updated_at") VALUES (?, ?, ?, ?)[0m  [["name", "movie1"], ["details", "not so good"], ["created_at", 2017-03-17 08:51:06 UTC], ["updated_at", 2017-03-17 08:51:06 UTC]]
  [1m[35m (146.2ms)[0m  [1m[36mcommit transaction[0m
Redirected to http://localhost:3000/movies/1
Completed 302 Found in 155ms (ActiveRecord: 148.2ms)


Started GET "/movies/1" for ::1 at 2017-03-17 16:51:07 +0800
Processing by MoviesController#show as HTML
  Parameters: {"id"=>"1"}
  [1m[36mMovie Load (0.5ms)[0m  [1m[34mSELECT  "movies".* FROM "movies" WHERE "movies"."id" = ? LIMIT ?[0m  [["id", 1], ["LIMIT", 1]]
  Rendering movies/show.html.erb within layouts/application
  Rendered movies/show.html.erb within layouts/application (1.0ms)
Completed 200 OK in 114ms (Views: 96.6ms | ActiveRecord: 0.5ms)


Started GET "/movies" for ::1 at 2017-03-17 16:51:08 +0800
Processing by MoviesController#index as HTML
  Rendering movies/index.html.erb within layouts/application
  [1m[36mMovie Load (0.0ms)[0m  [1m[34mSELECT "movies".* FROM "movies"[0m
  Rendered movies/index.html.erb within layouts/application (1.5ms)
Completed 200 OK in 146ms (Views: 126.3ms | ActiveRecord: 0.0ms)


Started GET "/favourites" for ::1 at 2017-03-17 16:51:09 +0800
Processing by FavouritesController#index as HTML
  Rendering favourites/index.html.erb within layouts/application
  Rendered favourites/index.html.erb within layouts/application (0.5ms)
Completed 200 OK in 119ms (Views: 102.3ms | ActiveRecord: 0.0ms)


Started GET "/television_shows" for ::1 at 2017-03-17 16:51:18 +0800
Processing by TelevisionShowsController#index as HTML
  Rendering television_shows/index.html.erb within layouts/application
  [1m[36mTelevisionShow Load (0.5ms)[0m  [1m[34mSELECT "television_shows".* FROM "television_shows"[0m
  Rendered television_shows/index.html.erb within layouts/application (2.0ms)
Completed 200 OK in 127ms (Views: 109.9ms | ActiveRecord: 0.5ms)


Started GET "/television_shows/new" for ::1 at 2017-03-17 16:51:21 +0800
Processing by TelevisionShowsController#new as HTML
  Rendering television_shows/new.html.erb within layouts/application
  Rendered television_shows/_form.html.erb (2.0ms)
  Rendered television_shows/new.html.erb within layouts/application (18.1ms)
Completed 200 OK in 139ms (Views: 121.9ms | ActiveRecord: 0.0ms)


Started POST "/television_shows" for ::1 at 2017-03-17 16:51:23 +0800
Processing by TelevisionShowsController#create as HTML
  Parameters: {"utf8"=>"✓", "authenticity_token"=>"+sjiLoxTuem3+r5swmpqrnGPTcanTbcrfv2dD5ATVpNmnOFg2XadagEsocfo+oJNzpC7E+QXcXUk64RlwBo1/w==", "television_show"=>{"name"=>"", "details"=>""}, "commit"=>"Create Television show"}
  [1m[35m (0.0ms)[0m  [1m[36mbegin transaction[0m
  [1m[35m (0.0ms)[0m  [1m[31mrollback transaction[0m
  Rendering television_shows/new.html.erb within layouts/application
  Rendered television_shows/_form.html.erb (2.5ms)
  Rendered television_shows/new.html.erb within layouts/application (17.9ms)
Completed 200 OK in 129ms (Views: 125.2ms | ActiveRecord: 0.0ms)


Started GET "/television_shows" for ::1 at 2017-03-17 16:51:25 +0800
Processing by TelevisionShowsController#index as HTML
  Rendering television_shows/index.html.erb within layouts/application
  [1m[36mTelevisionShow Load (0.5ms)[0m  [1m[34mSELECT "television_shows".* FROM "television_shows"[0m
  Rendered television_shows/index.html.erb within layouts/application (2.0ms)
Completed 200 OK in 136ms (Views: 116.9ms | ActiveRecord: 0.5ms)


Started GET "/favourites" for ::1 at 2017-03-17 16:51:26 +0800
Processing by FavouritesController#index as HTML
  Rendering favourites/index.html.erb within layouts/application
  Rendered favourites/index.html.erb within layouts/application (0.5ms)
Completed 200 OK in 131ms (Views: 114.3ms | ActiveRecord: 0.0ms)


Started GET "/" for ::1 at 2017-03-17 16:55:17 +0800
Processing by FavouritesController#index as HTML
  Rendering favourites/index.html.erb within layouts/application
  Rendered favourites/index.html.erb within layouts/application (1.0ms)
Completed 200 OK in 167ms (Views: 147.0ms | ActiveRecord: 0.0ms)


Started GET "/animes" for ::1 at 2017-03-17 16:55:21 +0800
Processing by AnimesController#index as HTML
  Rendering animes/index.html.erb within layouts/application
  [1m[36mAnime Load (0.0ms)[0m  [1m[34mSELECT "animes".* FROM "animes"[0m
  Rendered animes/index.html.erb within layouts/application (2.0ms)
Completed 200 OK in 125ms (Views: 107.3ms | ActiveRecord: 0.0ms)


Started GET "/favourites" for ::1 at 2017-03-17 16:55:28 +0800
Processing by FavouritesController#index as HTML
  Rendering favourites/index.html.erb within layouts/application
  Rendered favourites/index.html.erb within layouts/application (0.5ms)
Completed 200 OK in 137ms (Views: 117.4ms | ActiveRecord: 0.0ms)


Started GET "/movies" for ::1 at 2017-03-17 16:55:30 +0800
Processing by MoviesController#index as HTML
  Rendering movies/index.html.erb within layouts/application
  [1m[36mMovie Load (0.0ms)[0m  [1m[34mSELECT "movies".* FROM "movies"[0m
  Rendered movies/index.html.erb within layouts/application (2.0ms)
Completed 200 OK in 166ms (Views: 143.4ms | ActiveRecord: 0.0ms)


Started GET "/movies" for ::1 at 2017-03-17 16:56:52 +0800
Processing by MoviesController#index as HTML
  Rendering movies/index.html.erb within layouts/application
  [1m[36mMovie Load (0.5ms)[0m  [1m[34mSELECT "movies".* FROM "movies"[0m
  Rendered movies/index.html.erb within layouts/application (2.8ms)
Completed 200 OK in 123ms (Views: 104.3ms | ActiveRecord: 0.5ms)


Started GET "/favourites" for ::1 at 2017-03-17 16:56:55 +0800
Processing by FavouritesController#index as HTML
  Rendering favourites/index.html.erb within layouts/application
  Rendered favourites/index.html.erb within layouts/application (0.5ms)
Completed 200 OK in 128ms (Views: 111.9ms | ActiveRecord: 0.0ms)


Started GET "/animes" for ::1 at 2017-03-17 16:56:57 +0800
Processing by AnimesController#index as HTML
  Rendering animes/index.html.erb within layouts/application
  [1m[36mAnime Load (0.5ms)[0m  [1m[34mSELECT "animes".* FROM "animes"[0m
  Rendered animes/index.html.erb within layouts/application (2.0ms)
Completed 200 OK in 135ms (Views: 116.7ms | ActiveRecord: 0.5ms)


Started GET "/favourites" for ::1 at 2017-03-17 16:56:59 +0800
Processing by FavouritesController#index as HTML
  Rendering favourites/index.html.erb within layouts/application
  Rendered favourites/index.html.erb within layouts/application (0.5ms)
Completed 200 OK in 136ms (Views: 118.0ms | ActiveRecord: 0.0ms)


Started GET "/television_shows" for ::1 at 2017-03-17 16:57:01 +0800
Processing by TelevisionShowsController#index as HTML
  Rendering television_shows/index.html.erb within layouts/application
  [1m[36mTelevisionShow Load (0.5ms)[0m  [1m[34mSELECT "television_shows".* FROM "television_shows"[0m
  Rendered television_shows/index.html.erb within layouts/application (3.5ms)
Completed 200 OK in 138ms (Views: 121.0ms | ActiveRecord: 0.5ms)


Started GET "/favourites" for ::1 at 2017-03-17 16:57:07 +0800
Processing by FavouritesController#index as HTML
  Rendering favourites/index.html.erb within layouts/application
  Rendered favourites/index.html.erb within layouts/application (0.5ms)
Completed 200 OK in 136ms (Views: 117.4ms | ActiveRecord: 0.0ms)


Started GET "/animes" for ::1 at 2017-03-17 16:57:09 +0800
Processing by AnimesController#index as HTML
  Rendering animes/index.html.erb within layouts/application
  [1m[36mAnime Load (0.5ms)[0m  [1m[34mSELECT "animes".* FROM "animes"[0m
  Rendered animes/index.html.erb within layouts/application (2.0ms)
Completed 200 OK in 166ms (Views: 142.2ms | ActiveRecord: 0.5ms)


Started GET "/favourites" for ::1 at 2017-03-17 16:57:29 +0800
Processing by FavouritesController#index as HTML
  Rendering favourites/index.html.erb within layouts/application
  Rendered favourites/index.html.erb within layouts/application (1.0ms)
Completed 200 OK in 131ms (Views: 113.0ms | ActiveRecord: 0.0ms)


Started GET "/animes" for ::1 at 2017-03-17 16:57:30 +0800
Processing by AnimesController#index as HTML
  Rendering animes/index.html.erb within layouts/application
  [1m[36mAnime Load (0.0ms)[0m  [1m[34mSELECT "animes".* FROM "animes"[0m
  Rendered animes/index.html.erb within layouts/application (3.0ms)
Completed 200 OK in 151ms (Views: 130.1ms | ActiveRecord: 0.0ms)


Started GET "/animes" for ::1 at 2017-03-17 16:58:29 +0800
Processing by AnimesController#index as HTML
  Rendering animes/index.html.erb within layouts/application
  [1m[36mAnime Load (0.0ms)[0m  [1m[34mSELECT "animes".* FROM "animes"[0m
  Rendered animes/index.html.erb within layouts/application (4.5ms)
Completed 200 OK in 129ms (Views: 109.9ms | ActiveRecord: 0.0ms)


Started GET "/favourites" for ::1 at 2017-03-17 16:58:35 +0800
Processing by FavouritesController#index as HTML
  Rendering favourites/index.html.erb within layouts/application
  Rendered favourites/index.html.erb within layouts/application (0.5ms)
Completed 200 OK in 123ms (Views: 106.2ms | ActiveRecord: 0.0ms)


Started GET "/animes" for ::1 at 2017-03-17 16:58:37 +0800
Processing by AnimesController#index as HTML
  Rendering animes/index.html.erb within layouts/application
  [1m[36mAnime Load (1.0ms)[0m  [1m[34mSELECT "animes".* FROM "animes"[0m
  Rendered animes/index.html.erb within layouts/application (4.0ms)
Completed 200 OK in 126ms (Views: 107.4ms | ActiveRecord: 1.0ms)


Started GET "/favourites" for ::1 at 2017-03-17 16:58:39 +0800
Processing by FavouritesController#index as HTML
  Rendering favourites/index.html.erb within layouts/application
  Rendered favourites/index.html.erb within layouts/application (0.5ms)
Completed 200 OK in 128ms (Views: 109.7ms | ActiveRecord: 0.0ms)


Started GET "/movies" for ::1 at 2017-03-17 16:58:40 +0800
Processing by MoviesController#index as HTML
  Rendering movies/index.html.erb within layouts/application
  [1m[36mMovie Load (1.0ms)[0m  [1m[34mSELECT "movies".* FROM "movies"[0m
  Rendered movies/index.html.erb within layouts/application (4.5ms)
Completed 200 OK in 141ms (Views: 119.8ms | ActiveRecord: 1.0ms)


Started GET "/favourites" for ::1 at 2017-03-17 16:58:42 +0800
Processing by FavouritesController#index as HTML
  Rendering favourites/index.html.erb within layouts/application
  Rendered favourites/index.html.erb within layouts/application (1.0ms)
Completed 200 OK in 132ms (Views: 114.2ms | ActiveRecord: 0.0ms)


Started GET "/television_shows" for ::1 at 2017-03-17 16:58:43 +0800
Processing by TelevisionShowsController#index as HTML
  Rendering television_shows/index.html.erb within layouts/application
  [1m[36mTelevisionShow Load (0.5ms)[0m  [1m[34mSELECT "television_shows".* FROM "television_shows"[0m
  Rendered television_shows/index.html.erb within layouts/application (2.1ms)
Completed 200 OK in 129ms (Views: 111.1ms | ActiveRecord: 0.5ms)


Started GET "/television_shows" for ::1 at 2017-03-17 16:59:18 +0800
Processing by TelevisionShowsController#index as HTML
  Rendering television_shows/index.html.erb within layouts/application
  [1m[36mTelevisionShow Load (0.0ms)[0m  [1m[34mSELECT "television_shows".* FROM "television_shows"[0m
  Rendered television_shows/index.html.erb within layouts/application (2.5ms)
Completed 200 OK in 150ms (Views: 127.2ms | ActiveRecord: 0.0ms)


Started GET "/television_shows" for ::1 at 2017-03-17 17:00:06 +0800
Processing by TelevisionShowsController#index as HTML
  Rendering television_shows/index.html.erb within layouts/application
  [1m[36mTelevisionShow Load (0.0ms)[0m  [1m[34mSELECT "television_shows".* FROM "television_shows"[0m
  Rendered television_shows/index.html.erb within layouts/application (2.5ms)
Completed 200 OK in 126ms (Views: 109.5ms | ActiveRecord: 0.0ms)


Started GET "/favourites" for ::1 at 2017-03-17 17:00:07 +0800
Processing by FavouritesController#index as HTML
  Rendering favourites/index.html.erb within layouts/application
  Rendered favourites/index.html.erb within layouts/application (0.5ms)
Completed 200 OK in 127ms (Views: 110.2ms | ActiveRecord: 0.0ms)


Started GET "/animes" for ::1 at 2017-03-17 17:00:09 +0800
Processing by AnimesController#index as HTML
  Rendering animes/index.html.erb within layouts/application
  [1m[36mAnime Load (0.0ms)[0m  [1m[34mSELECT "animes".* FROM "animes"[0m
  Rendered animes/index.html.erb within layouts/application (2.0ms)
Completed 200 OK in 142ms (Views: 125.7ms | ActiveRecord: 0.0ms)


Started GET "/animes" for ::1 at 2017-03-17 17:00:11 +0800
Processing by AnimesController#index as HTML
  Rendering animes/index.html.erb within layouts/application
  [1m[36mAnime Load (0.5ms)[0m  [1m[34mSELECT "animes".* FROM "animes"[0m
  Rendered animes/index.html.erb within layouts/application (2.6ms)
Completed 200 OK in 156ms (Views: 134.4ms | ActiveRecord: 0.5ms)


Started GET "/movies" for ::1 at 2017-03-17 17:00:12 +0800
Processing by MoviesController#index as HTML
  Rendering movies/index.html.erb within layouts/application
  [1m[36mMovie Load (0.5ms)[0m  [1m[34mSELECT "movies".* FROM "movies"[0m
  Rendered movies/index.html.erb within layouts/application (2.5ms)
Completed 200 OK in 123ms (Views: 104.9ms | ActiveRecord: 0.5ms)


Started GET "/television_shows" for ::1 at 2017-03-17 17:00:13 +0800
Processing by TelevisionShowsController#index as HTML
  Rendering television_shows/index.html.erb within layouts/application
  [1m[36mTelevisionShow Load (0.5ms)[0m  [1m[34mSELECT "television_shows".* FROM "television_shows"[0m
  Rendered television_shows/index.html.erb within layouts/application (3.4ms)
Completed 200 OK in 148ms (Views: 128.2ms | ActiveRecord: 0.5ms)


Started GET "/favourites" for ::1 at 2017-03-17 17:00:14 +0800
Processing by FavouritesController#index as HTML
  Rendering favourites/index.html.erb within layouts/application
  Rendered favourites/index.html.erb within layouts/application (1.0ms)
Completed 200 OK in 134ms (Views: 116.1ms | ActiveRecord: 0.0ms)


  [1m[35m (83.2ms)[0m  [1m[35mCREATE TABLE `schema_migrations` (`version` varchar(255) PRIMARY KEY) ENGINE=InnoDB[0m
  [1m[35m (73.6ms)[0m  [1m[35mCREATE TABLE `ar_internal_metadata` (`key` varchar(255) PRIMARY KEY, `value` varchar(255), `created_at` datetime NOT NULL, `updated_at` datetime NOT NULL) ENGINE=InnoDB[0m
  [1m[35m (56.9ms)[0m  [1m[34mSELECT DATABASE() as db[0m
  [1m[35m (58.3ms)[0m  [1m[34mSELECT GET_LOCK('1133037522466894170', 0);[0m
  [1m[36mActiveRecord::SchemaMigration Load (60.3ms)[0m  [1m[34mSELECT `schema_migrations`.* FROM `schema_migrations`[0m
Migrating to CreateAnimes (20170317081629)
  [1m[35m (77.7ms)[0m  [1m[35mCREATE TABLE `animes` (`id` int AUTO_INCREMENT PRIMARY KEY, `name` varchar(255), `details` text, `created_at` datetime NOT NULL, `updated_at` datetime NOT NULL) ENGINE=InnoDB[0m
  [1m[35m (58.0ms)[0m  [1m[35mBEGIN[0m
  [1m[35mSQL (57.8ms)[0m  [1m[32mINSERT INTO `schema_migrations` (`version`) VALUES ('20170317081629')[0m
  [1m[35m (61.9ms)[0m  [1m[35mCOMMIT[0m
Migrating to CreateMovies (20170317081711)
  [1m[35m (81.3ms)[0m  [1m[35mCREATE TABLE `movies` (`id` int AUTO_INCREMENT PRIMARY KEY, `name` varchar(255), `details` text, `created_at` datetime NOT NULL, `updated_at` datetime NOT NULL) ENGINE=InnoDB[0m
  [1m[35m (56.3ms)[0m  [1m[35mBEGIN[0m
  [1m[35mSQL (57.6ms)[0m  [1m[32mINSERT INTO `schema_migrations` (`version`) VALUES ('20170317081711')[0m
  [1m[35m (63.9ms)[0m  [1m[35mCOMMIT[0m
Migrating to CreateTelevisionShows (20170317081722)
  [1m[35m (75.2ms)[0m  [1m[35mCREATE TABLE `television_shows` (`id` int AUTO_INCREMENT PRIMARY KEY, `name` varchar(255), `details` text, `created_at` datetime NOT NULL, `updated_at` datetime NOT NULL) ENGINE=InnoDB[0m
  [1m[35m (57.6ms)[0m  [1m[35mBEGIN[0m
  [1m[35mSQL (58.1ms)[0m  [1m[32mINSERT INTO `schema_migrations` (`version`) VALUES ('20170317081722')[0m
  [1m[35m (59.8ms)[0m  [1m[35mCOMMIT[0m
Migrating to CreateFavourites (20170317082313)
  [1m[35m (85.3ms)[0m  [1m[35mCREATE TABLE `favourites` (`id` int AUTO_INCREMENT PRIMARY KEY, `anime` text, `movie` text, `television_show` text, `created_at` datetime NOT NULL, `updated_at` datetime NOT NULL) ENGINE=InnoDB[0m
  [1m[35m (58.4ms)[0m  [1m[35mBEGIN[0m
  [1m[35mSQL (57.8ms)[0m  [1m[32mINSERT INTO `schema_migrations` (`version`) VALUES ('20170317082313')[0m
  [1m[35m (60.5ms)[0m  [1m[35mCOMMIT[0m
  [1m[36mActiveRecord::InternalMetadata Load (58.8ms)[0m  [1m[34mSELECT  `ar_internal_metadata`.* FROM `ar_internal_metadata` WHERE `ar_internal_metadata`.`key` = 'environment' LIMIT 1[0m
  [1m[35m (58.0ms)[0m  [1m[35mBEGIN[0m
  [1m[35mSQL (57.9ms)[0m  [1m[32mINSERT INTO `ar_internal_metadata` (`key`, `value`, `created_at`, `updated_at`) VALUES ('environment', 'development', '2017-03-17 11:56:28', '2017-03-17 11:56:28')[0m
  [1m[35m (63.1ms)[0m  [1m[35mCOMMIT[0m
  [1m[35m (57.7ms)[0m  [1m[34mSELECT RELEASE_LOCK('1133037522466894170')[0m
  [1m[36mActiveRecord::SchemaMigration Load (58.8ms)[0m  [1m[34mSELECT `schema_migrations`.* FROM `schema_migrations`[0m
  [1m[35m (57.1ms)[0m  [1m[35mSHOW CREATE TABLE `animes`[0m
  [1m[35m (61.3ms)[0m  [1m[35mSHOW TABLE STATUS LIKE 'animes'[0m
  [1m[35m (58.2ms)[0m  [1m[35mSHOW CREATE TABLE `favourites`[0m
  [1m[35m (58.4ms)[0m  [1m[35mSHOW TABLE STATUS LIKE 'favourites'[0m
  [1m[35m (57.7ms)[0m  [1m[35mSHOW CREATE TABLE `movies`[0m
  [1m[35m (59.0ms)[0m  [1m[35mSHOW TABLE STATUS LIKE 'movies'[0m
  [1m[35m (57.3ms)[0m  [1m[35mSHOW CREATE TABLE `television_shows`[0m
  [1m[35m (59.5ms)[0m  [1m[35mSHOW TABLE STATUS LIKE 'television_shows'[0m
Started GET "/" for ::1 at 2017-03-17 19:58:47 +0800
  [1m[36mActiveRecord::SchemaMigration Load (57.6ms)[0m  [1m[34mSELECT `schema_migrations`.* FROM `schema_migrations`[0m
Processing by FavouritesController#index as HTML
  Rendering favourites/index.html.erb within layouts/application
  Rendered favourites/index.html.erb within layouts/application (6.0ms)
Completed 200 OK in 556ms (Views: 502.4ms | ActiveRecord: 0.0ms)


Started GET "/television_shows" for ::1 at 2017-03-17 19:59:54 +0800
Processing by TelevisionShowsController#index as HTML
  Rendering television_shows/index.html.erb within layouts/application
  [1m[36mTelevisionShow Load (57.4ms)[0m  [1m[34mSELECT `television_shows`.* FROM `television_shows`[0m
  Rendered television_shows/index.html.erb within layouts/application (122.7ms)
Completed 200 OK in 294ms (Views: 136.9ms | ActiveRecord: 116.7ms)


Started GET "/television_shows/new" for ::1 at 2017-03-17 19:59:59 +0800
Processing by TelevisionShowsController#new as HTML
  Rendering television_shows/new.html.erb within layouts/application
  Rendered television_shows/_form.html.erb (37.7ms)
  Rendered television_shows/new.html.erb within layouts/application (55.1ms)
Completed 200 OK in 324ms (Views: 169.1ms | ActiveRecord: 117.9ms)


Started POST "/television_shows" for ::1 at 2017-03-17 20:00:07 +0800
Processing by TelevisionShowsController#create as HTML
  Parameters: {"utf8"=>"✓", "authenticity_token"=>"nYnSZ4IbzZWAI7lWgko2KXFwEFj0IVURxxYUgYqx9HAB3dEp1z7pFjb1pv2o2t7Kzm/mjbd7k0+dAA3r2riXHA==", "television_show"=>{"name"=>"tv1", "details"=>"good one"}, "commit"=>"Create Television show"}
  [1m[35m (57.7ms)[0m  [1m[35mBEGIN[0m
  [1m[35mSQL (58.9ms)[0m  [1m[32mINSERT INTO `television_shows` (`name`, `details`, `created_at`, `updated_at`) VALUES ('tv1', 'good one', '2017-03-17 12:00:08', '2017-03-17 12:00:08')[0m
  [1m[35m (64.7ms)[0m  [1m[35mCOMMIT[0m
Redirected to http://localhost:3000/television_shows/1
Completed 302 Found in 189ms (ActiveRecord: 181.3ms)


Started GET "/television_shows/1" for ::1 at 2017-03-17 20:00:08 +0800
Processing by TelevisionShowsController#show as HTML
  Parameters: {"id"=>"1"}
  [1m[36mTelevisionShow Load (56.9ms)[0m  [1m[34mSELECT  `television_shows`.* FROM `television_shows` WHERE `television_shows`.`id` = 1 LIMIT 1[0m
  Rendering television_shows/show.html.erb within layouts/application
  Rendered television_shows/show.html.erb within layouts/application (1.0ms)
Completed 200 OK in 221ms (Views: 120.9ms | ActiveRecord: 56.9ms)


Started GET "/television_shows" for ::1 at 2017-03-17 20:00:10 +0800
Processing by TelevisionShowsController#index as HTML
  Rendering television_shows/index.html.erb within layouts/application
  [1m[36mTelevisionShow Load (57.8ms)[0m  [1m[34mSELECT `television_shows`.* FROM `television_shows`[0m
  Rendered television_shows/index.html.erb within layouts/application (62.8ms)
Completed 200 OK in 192ms (Views: 117.0ms | ActiveRecord: 57.8ms)


Started GET "/movies" for ::1 at 2017-03-17 20:00:12 +0800
Processing by MoviesController#index as HTML
  Rendering movies/index.html.erb within layouts/application
  [1m[36mMovie Load (58.3ms)[0m  [1m[34mSELECT `movies`.* FROM `movies`[0m
  Rendered movies/index.html.erb within layouts/application (121.1ms)
Completed 200 OK in 282ms (Views: 122.8ms | ActiveRecord: 117.1ms)


Started GET "/movies/new" for ::1 at 2017-03-17 20:00:14 +0800
Processing by MoviesController#new as HTML
  Rendering movies/new.html.erb within layouts/application
  Rendered movies/_form.html.erb (3.0ms)
  Rendered movies/new.html.erb within layouts/application (23.1ms)
Completed 200 OK in 348ms (Views: 182.3ms | ActiveRecord: 121.8ms)


Started POST "/movies" for ::1 at 2017-03-17 20:00:22 +0800
Processing by MoviesController#create as HTML
  Parameters: {"utf8"=>"✓", "authenticity_token"=>"e3f7VZ2TwsMUz/YynRg+NSNwfiVspA4ZEDMAVJJr4nQl2/VjLHNqJgyFexseOHzbYz+jZu88CzjlYwR0flG52g==", "movie"=>{"name"=>"movie1", "details"=>"good one too"}, "commit"=>"Create Movie"}
  [1m[35m (57.3ms)[0m  [1m[35mBEGIN[0m
  [1m[35mSQL (57.3ms)[0m  [1m[32mINSERT INTO `movies` (`name`, `details`, `created_at`, `updated_at`) VALUES ('movie1', 'good one too', '2017-03-17 12:00:22', '2017-03-17 12:00:22')[0m
  [1m[35m (67.9ms)[0m  [1m[35mCOMMIT[0m
Redirected to http://localhost:3000/movies/1
Completed 302 Found in 191ms (ActiveRecord: 182.5ms)


Started GET "/movies/1" for ::1 at 2017-03-17 20:00:22 +0800
Processing by MoviesController#show as HTML
  Parameters: {"id"=>"1"}
  [1m[36mMovie Load (58.8ms)[0m  [1m[34mSELECT  `movies`.* FROM `movies` WHERE `movies`.`id` = 1 LIMIT 1[0m
  Rendering movies/show.html.erb within layouts/application
  Rendered movies/show.html.erb within layouts/application (1.0ms)
Completed 200 OK in 235ms (Views: 120.6ms | ActiveRecord: 58.8ms)


Started GET "/movies" for ::1 at 2017-03-17 20:00:24 +0800
Processing by MoviesController#index as HTML
  Rendering movies/index.html.erb within layouts/application
  [1m[36mMovie Load (62.2ms)[0m  [1m[34mSELECT `movies`.* FROM `movies`[0m
  Rendered movies/index.html.erb within layouts/application (81.2ms)
Completed 200 OK in 264ms (Views: 176.8ms | ActiveRecord: 62.2ms)


Started GET "/favourites" for ::1 at 2017-03-17 20:00:28 +0800
Processing by FavouritesController#index as HTML
  Rendering favourites/index.html.erb within layouts/application
  Rendered favourites/index.html.erb within layouts/application (2.0ms)
Completed 200 OK in 160ms (Views: 123.3ms | ActiveRecord: 0.0ms)


